Arguments: 
  /usr/local/bin/node /mnt/c/Users/derek/AppData/Roaming/npm/node_modules/yarn/bin/yarn.js run start

PATH: 
  /home/derek/bin:/home/derek/.local/bin:/usr/local/sbin:/usr/local/bin:/usr/sbin:/usr/bin:/sbin:/bin:/usr/games:/usr/local/games:/mnt/c/Windows/System32:/mnt/c/Windows:/mnt/c/Windows/System32/wbem:/mnt/c/Windows/System32/WindowsPowerShell/v1.0:/mnt/c/Program Files/PuTTY:/mnt/c/Program Files/Git/cmd:/mnt/c/Program Files/nodejs:/mnt/c/Windows/System32/OpenSSH:/mnt/c/Users/derek/AppData/Local/Microsoft/WindowsApps:/mnt/c/Program Files/Microsoft VS Code/bin:/mnt/c/Users/derek/AppData/Roaming/npm:/snap/bin

Yarn version: 
  1.5.1

Node version: 
  9.10.1

Platform: 
  linux x64

npm manifest: 
  No manifest

yarn manifest: 
  No manifest

Lockfile: 
  # THIS IS AN AUTOGENERATED FILE. DO NOT EDIT THIS FILE DIRECTLY.
  # yarn lockfile v1

Trace: 
  Error: Couldn't find a package.json file in "/mnt/c/Users/derek/Documents/MyWebsite/DerekNMartin.github.io"
      at new MessageError (/mnt/c/Users/derek/AppData/Roaming/npm/node_modules/yarn/lib/cli.js:186:110)
      at /mnt/c/Users/derek/AppData/Roaming/npm/node_modules/yarn/lib/cli.js:40048:15
      at Generator.next (<anonymous>)
      at step (/mnt/c/Users/derek/AppData/Roaming/npm/node_modules/yarn/lib/cli.js:98:30)
      at /mnt/c/Users/derek/AppData/Roaming/npm/node_modules/yarn/lib/cli.js:109:13
      at <anonymous>
